ncverilog: 14.10-s005: (c) Copyright 1995-2014 Cadence Design Systems, Inc.
TOOL:	ncverilog	14.10-s005: Started on Jan 09, 2018 at 15:25:23 CST
ncverilog
	testbench_pcpi.v
	puzzle.v
	picorv32.v
	+define+COMPRESSED_ISA
	+access+r
Loading snapshot worklib.testbench:v .................... Done
*Verdi3* Loading libsscore_ius141.so
*Verdi3* : Enable Parallel Dumping.
ncsim> source /usr/cad/cadence/INCISIV/cur/tools/inca/files/ncsimrc
ncsim> run
ncsim: *W,RMEMAB: $readmem warning: words in file "puzzle.txt" less than that given by address bounds.
            File: ./testbench_pcpi.v, line = 69, pos = 35
           Scope: testbench
            Time: 0 FS + 0

Initial Puzzle

 5  3  1

 4  0  2

 7  6  8

Step 1
---------

 5  3  1

 4  2  0

 7  6  8

Step 2
---------

 5  3  1

 4  2  8

 7  6  0

Step 3
---------

 5  3  1

 4  2  8

 7  0  6

Step 4
---------

 5  3  1

 4  2  8

 0  7  6

Step 5
---------

 5  3  1

 0  2  8

 4  7  6

Step 6
---------

 0  3  1

 5  2  8

 4  7  6

Step 7
---------

 3  0  1

 5  2  8

 4  7  6

Step 8
---------

 3  2  1

 5  0  8

 4  7  6

Step 9
---------

 3  2  1

 0  5  8

 4  7  6

Step 10
---------

 3  2  1

 4  5  8

 0  7  6

Step 11
---------

 3  2  1

 4  5  8

 7  0  6

Step 12
---------

 3  2  1

 4  5  8

 7  6  0

Step 13
---------

 3  2  1

 4  5  0

 7  6  8

Step 14
---------

 3  2  1

 4  0  5

 7  6  8

Step 15
---------

 3  2  1

 4  6  5

 7  0  8

Step 16
---------

 3  2  1

 4  6  5

 7  8  0

Step 17
---------

 3  2  1

 4  6  0

 7  8  5

Step 18
---------

 3  2  1

 4  0  6

 7  8  5

Step 19
---------

 3  0  1

 4  2  6

 7  8  5

Step 20
---------

 3  1  0

 4  2  6

 7  8  5

Step 21
---------

 3  1  6

 4  2  0

 7  8  5

Step 22
---------

 3  1  6

 4  2  5

 7  8  0

Step 23
---------

 3  1  6

 4  2  5

 7  0  8

Step 24
---------

 3  1  6

 4  2  5

 0  7  8

Step 25
---------

 3  1  6

 0  2  5

 4  7  8

Step 26
---------

 3  1  6

 2  0  5

 4  7  8

Step 27
---------

 3  1  6

 2  5  0

 4  7  8

Step 28
---------

 3  1  0

 2  5  6

 4  7  8

Step 29
---------

 3  0  1

 2  5  6

 4  7  8

Step 30
---------

 0  3  1

 2  5  6

 4  7  8

Step 31
---------

 2  3  1

 0  5  6

 4  7  8

Step 32
---------

 2  3  1

 4  5  6

 0  7  8

Step 33
---------

 2  3  1

 4  5  6

 7  0  8

Step 34
---------

 2  3  1

 4  5  6

 7  8  0

Step 35
---------

 2  3  1

 4  5  0

 7  8  6

Step 36
---------

 2  3  1

 4  0  5

 7  8  6

Step 37
---------

 2  3  1

 0  4  5

 7  8  6

Step 38
---------

 0  3  1

 2  4  5

 7  8  6

Step 39
---------

 3  0  1

 2  4  5

 7  8  6

Step 40
---------

 3  1  0

 2  4  5

 7  8  6

Step 41
---------

 3  1  5

 2  4  0

 7  8  6

Step 42
---------

 3  1  5

 2  4  6

 7  8  0

Step 43
---------

 3  1  5

 2  4  6

 7  0  8

Step 44
---------

 3  1  5

 2  4  6

 0  7  8

Step 45
---------

 3  1  5

 0  4  6

 2  7  8

Step 46
---------

 3  1  5

 4  0  6

 2  7  8

Step 47
---------

 3  1  5

 4  7  6

 2  0  8

Step 48
---------

 3  1  5

 4  7  6

 2  8  0

Step 49
---------

 3  1  5

 4  7  0

 2  8  6

Step 50
---------

 3  1  0

 4  7  5

 2  8  6

Step 51
---------

 3  0  1

 4  7  5

 2  8  6

Step 52
---------

 0  3  1

 4  7  5

 2  8  6

Step 53
---------

 4  3  1

 0  7  5

 2  8  6

Step 54
---------

 4  3  1

 7  0  5

 2  8  6

Step 55
---------

 4  3  1

 7  5  0

 2  8  6

Step 56
---------

 4  3  1

 7  5  6

 2  8  0

Step 57
---------

 4  3  1

 7  5  6

 2  0  8

Step 58
---------

 4  3  1

 7  5  6

 0  2  8

Step 59
---------

 4  3  1

 0  5  6

 7  2  8

Step 60
---------

 0  3  1

 4  5  6

 7  2  8

Step 61
---------

 3  0  1

 4  5  6

 7  2  8

Step 62
---------

 3  1  0

 4  5  6

 7  2  8

Step 63
---------

 3  1  6

 4  5  0

 7  2  8

Step 64
---------

 3  1  6

 4  5  8

 7  2  0

Step 65
---------

 3  1  6

 4  5  8

 7  0  2

Step 66
---------

 3  1  6

 4  5  8

 0  7  2

Step 67
---------

 3  1  6

 0  5  8

 4  7  2

Step 68
---------

 3  1  6

 5  0  8

 4  7  2

Step 69
---------

 3  1  6

 5  8  0

 4  7  2

Step 70
---------

 3  1  6

 5  8  2

 4  7  0

Step 71
---------

 3  1  6

 5  8  2

 4  0  7

Step 72
---------

 3  1  6

 5  0  2

 4  8  7

Step 73
---------

 3  1  6

 5  2  0

 4  8  7

Step 74
---------

 3  1  0

 5  2  6

 4  8  7

Step 75
---------

 3  0  1

 5  2  6

 4  8  7

Step 76
---------

 0  3  1

 5  2  6

 4  8  7

Step 77
---------

 5  3  1

 0  2  6

 4  8  7

Step 78
---------

 5  3  1

 4  2  6

 0  8  7

Step 79
---------

 5  3  1

 4  2  6

 8  0  7

Step 80
---------

 5  3  1

 4  2  6

 8  7  0

Step 81
---------

 5  3  1

 4  2  0

 8  7  6

Step 82
---------

 5  3  1

 4  0  2

 8  7  6

Step 83
---------

 5  3  1

 0  4  2

 8  7  6

Step 84
---------

 0  3  1

 5  4  2

 8  7  6

Step 85
---------

 3  0  1

 5  4  2

 8  7  6

Step 86
---------

 3  1  0

 5  4  2

 8  7  6

Step 87
---------

 3  1  2

 5  4  0

 8  7  6

Step 88
---------

 3  1  2

 5  4  6

 8  7  0

Step 89
---------

 3  1  2

 5  4  6

 8  0  7

Step 90
---------

 3  1  2

 5  4  6

 0  8  7

Step 91
---------

 3  1  2

 0  4  6

 5  8  7

Step 92
---------

 3  1  2

 4  0  6

 5  8  7

Step 93
---------

 3  1  2

 4  6  0

 5  8  7

Step 94
---------

 3  1  0

 4  6  2

 5  8  7

Step 95
---------

 3  0  1

 4  6  2

 5  8  7

Step 96
---------

 0  3  1

 4  6  2

 5  8  7

Step 97
---------

 4  3  1

 0  6  2

 5  8  7

Step 98
---------

 4  3  1

 5  6  2

 0  8  7

Step 99
---------

 4  3  1

 5  6  2

 8  0  7

Step 100
---------

 4  3  1

 5  6  2

 8  7  0

Step 101
---------

 4  3  1

 5  6  0

 8  7  2

Step 102
---------

 4  3  1

 5  0  6

 8  7  2

Step 103
---------

 4  3  1

 0  5  6

 8  7  2

Step 104
---------

 0  3  1

 4  5  6

 8  7  2

Step 105
---------

 3  0  1

 4  5  6

 8  7  2

Step 106
---------

 3  1  0

 4  5  6

 8  7  2

Step 107
---------

 3  1  6

 4  5  0

 8  7  2

Step 108
---------

 3  1  6

 4  5  2

 8  7  0

Step 109
---------

 3  1  6

 4  5  2

 8  0  7

Step 110
---------

 3  1  6

 4  5  2

 0  8  7

Step 111
---------

 3  1  6

 0  5  2

 4  8  7

Step 112
---------

 3  1  6

 5  0  2

 4  8  7

Step 113
---------

 3  1  6

 5  2  0

 4  8  7

Step 114
---------

 3  1  0

 5  2  6

 4  8  7

Step 115
---------

 3  0  1

 5  2  6

 4  8  7

Step 116
---------

 3  2  1

 5  0  6

 4  8  7

Step 117
---------

 3  2  1

 0  5  6

 4  8  7

Step 118
---------

 3  2  1

 4  5  6

 0  8  7

Step 119
---------

 3  2  1

 4  5  6

 8  0  7

Step 120
---------

 3  2  1

 4  5  6

 8  7  0

Step 121
---------

 3  2  1

 4  5  0

 8  7  6

Step 122
---------

 3  2  1

 4  0  5

 8  7  6

Step 123
---------

 3  0  1

 4  2  5

 8  7  6

Step 124
---------

 3  1  0

 4  2  5

 8  7  6

Step 125
---------

 3  1  5

 4  2  0

 8  7  6

Step 126
---------

 3  1  5

 4  2  6

 8  7  0

Step 127
---------

 3  1  5

 4  2  6

 8  0  7

Step 128
---------

 3  1  5

 4  2  6

 0  8  7

Step 129
---------

 3  1  5

 0  2  6

 4  8  7

Step 130
---------

 3  1  5

 2  0  6

 4  8  7

Step 131
---------

 3  1  5

 2  6  0

 4  8  7

Step 132
---------

 3  1  0

 2  6  5

 4  8  7

Step 133
---------

 3  0  1

 2  6  5

 4  8  7

Step 134
---------

 0  3  1

 2  6  5

 4  8  7

Step 135
---------

 2  3  1

 0  6  5

 4  8  7

Step 136
---------

 2  3  1

 4  6  5

 0  8  7

Step 137
---------

 2  3  1

 4  6  5

 8  0  7

Step 138
---------

 2  3  1

 4  6  5

 8  7  0

Step 139
---------

 2  3  1

 4  6  0

 8  7  5

Step 140
---------

 2  3  1

 4  0  6

 8  7  5

Step 141
---------

 2  3  1

 4  7  6

 8  0  5

Step 142
---------

 2  3  1

 4  7  6

 8  5  0

Step 143
---------

 2  3  1

 4  7  0

 8  5  6

Step 144
---------

 2  3  1

 4  0  7

 8  5  6

Step 145
---------

 2  3  1

 4  5  7

 8  0  6

Step 146
---------

 2  3  1

 4  5  7

 0  8  6

Step 147
---------

 2  3  1

 0  5  7

 4  8  6

Step 148
---------

 2  3  1

 5  0  7

 4  8  6

Step 149
---------

 2  3  1

 5  7  0

 4  8  6

Step 150
---------

 2  3  1

 5  7  6

 4  8  0

Step 151
---------

 2  3  1

 5  7  6

 4  0  8

Step 152
---------

 2  3  1

 5  0  6

 4  7  8

Step 153
---------

 2  3  1

 0  5  6

 4  7  8

Step 154
---------

 2  3  1

 4  5  6

 0  7  8

Step 155
---------

 2  3  1

 4  5  6

 7  0  8

Step 156
---------

 2  3  1

 4  5  6

 7  8  0

Step 157
---------

 2  3  1

 4  5  0

 7  8  6

Step 158
---------

 2  3  1

 4  0  5

 7  8  6

Step 159
---------

 2  3  1

 4  8  5

 7  0  6

Step 160
---------

 2  3  1

 4  8  5

 7  6  0

Step 161
---------

 2  3  1

 4  8  0

 7  6  5

Step 162
---------

 2  3  1

 4  0  8

 7  6  5

Step 163
---------

 2  3  1

 4  6  8

 7  0  5

Step 164
---------

 2  3  1

 4  6  8

 7  5  0

Step 165
---------

 2  3  1

 4  6  0

 7  5  8

Step 166
---------

 2  3  1

 4  0  6

 7  5  8

Step 167
---------

 2  3  1

 4  5  6

 7  0  8

Step 168
---------

 2  3  1

 4  5  6

 7  8  0

Step 169
---------

 2  3  1

 4  5  0

 7  8  6

Step 170
---------

 2  3  1

 4  0  5

 7  8  6

Step 171
---------

 2  3  1

 4  8  5

 7  0  6

Step 172
---------

 2  3  1

 4  8  5

 7  6  0

Step 173
---------

 2  3  1

 4  8  0

 7  6  5

Step 174
---------

 2  3  1

 4  0  8

 7  6  5

Step 175
---------

 2  3  1

 4  6  8

 7  0  5

Step 176
---------

 2  3  1

 4  6  8

 7  5  0

Step 177
---------

 2  3  1

 4  6  0

 7  5  8

Step 178
---------

 2  3  1

 4  0  6

 7  5  8

Step 179
---------

 2  3  1

 4  5  6

 7  0  8

Step 180
---------

 2  3  1

 4  5  6

 7  8  0

Step 181
---------

 2  3  1

 4  5  0

 7  8  6

Step 182
---------

 2  3  1

 4  0  5

 7  8  6

Step 183
---------

 2  3  1

 0  4  5

 7  8  6

Step 184
---------

 0  3  1

 2  4  5

 7  8  6

Step 185
---------

 3  0  1

 2  4  5

 7  8  6

Step 186
---------

 3  1  0

 2  4  5

 7  8  6

Step 187
---------

 3  1  5

 2  4  0

 7  8  6

Step 188
---------

 3  1  5

 2  4  6

 7  8  0

Step 189
---------

 3  1  5

 2  4  6

 7  0  8

Step 190
---------

 3  1  5

 2  4  6

 0  7  8

Step 191
---------

 3  1  5

 0  4  6

 2  7  8

Step 192
---------

 3  1  5

 4  0  6

 2  7  8

Step 193
---------

 3  1  5

 4  7  6

 2  0  8

Step 194
---------

 3  1  5

 4  7  6

 2  8  0

Step 195
---------

 3  1  5

 4  7  0

 2  8  6

Step 196
---------

 3  1  0

 4  7  5

 2  8  6

Step 197
---------

 3  0  1

 4  7  5

 2  8  6

Step 198
---------

 0  3  1

 4  7  5

 2  8  6

Step 199
---------

 4  3  1

 0  7  5

 2  8  6

Step 200
---------

 4  3  1

 2  7  5

 0  8  6

Step 201
---------

 4  3  1

 2  7  5

 8  0  6

Step 202
---------

 4  3  1

 2  0  5

 8  7  6

Step 203
---------

 4  3  1

 2  5  0

 8  7  6

Step 204
---------

 4  3  1

 2  5  6

 8  7  0

Step 205
---------

 4  3  1

 2  5  6

 8  0  7

Step 206
---------

 4  3  1

 2  5  6

 0  8  7

Step 207
---------

 4  3  1

 0  5  6

 2  8  7

Step 208
---------

 0  3  1

 4  5  6

 2  8  7

Step 209
---------

 3  0  1

 4  5  6

 2  8  7

Step 210
---------

 3  1  0

 4  5  6

 2  8  7

Step 211
---------

 3  1  6

 4  5  0

 2  8  7

Step 212
---------

 3  1  6

 4  5  7

 2  8  0

Step 213
---------

 3  1  6

 4  5  7

 2  0  8

Step 214
---------

 3  1  6

 4  5  7

 0  2  8

Step 215
---------

 3  1  6

 0  5  7

 4  2  8

Step 216
---------

 3  1  6

 5  0  7

 4  2  8

Step 217
---------

 3  1  6

 5  2  7

 4  0  8

Step 218
---------

 3  1  6

 5  2  7

 4  8  0

Step 219
---------

 3  1  6

 5  2  0

 4  8  7

Step 220
---------

 3  1  0

 5  2  6

 4  8  7

Step 221
---------

 3  0  1

 5  2  6

 4  8  7

Step 222
---------

 0  3  1

 5  2  6

 4  8  7

Step 223
---------

 5  3  1

 0  2  6

 4  8  7

Step 224
---------

 5  3  1

 4  2  6

 0  8  7

Step 225
---------

 5  3  1

 4  2  6

 8  0  7

Step 226
---------

 5  3  1

 4  2  6

 8  7  0

Step 227
---------

 5  3  1

 4  2  0

 8  7  6

Step 228
---------

 5  3  1

 4  0  2

 8  7  6

Step 229
---------

 5  3  1

 0  4  2

 8  7  6

Step 230
---------

 0  3  1

 5  4  2

 8  7  6

Step 231
---------

 3  0  1

 5  4  2

 8  7  6

Step 232
---------

 3  1  0

 5  4  2

 8  7  6

Step 233
---------

 3  1  2

 5  4  0

 8  7  6

Step 234
---------

 3  1  2

 5  4  6

 8  7  0

Step 235
---------

 3  1  2

 5  4  6

 8  0  7

Step 236
---------

 3  1  2

 5  4  6

 0  8  7

Step 237
---------

 3  1  2

 0  4  6

 5  8  7

Step 238
---------

 3  1  2

 4  0  6

 5  8  7

Step 239
---------

 3  0  2

 4  1  6

 5  8  7

Step 240
---------

 3  2  0

 4  1  6

 5  8  7

Step 241
---------

 3  2  6

 4  1  0

 5  8  7

Step 242
---------

 3  2  6

 4  0  1

 5  8  7

Step 243
---------

 3  2  6

 0  4  1

 5  8  7

Step 244
---------

 3  2  6

 5  4  1

 0  8  7

Step 245
---------

 3  2  6

 5  4  1

 8  0  7

Step 246
---------

 3  2  6

 5  4  1

 8  7  0

Step 247
---------

 3  2  6

 5  4  0

 8  7  1

Step 248
---------

 3  2  0

 5  4  6

 8  7  1

Step 249
---------

 3  0  2

 5  4  6

 8  7  1

Step 250
---------

 0  3  2

 5  4  6

 8  7  1

Step 251
---------

 5  3  2

 0  4  6

 8  7  1

Step 252
---------

 5  3  2

 4  0  6

 8  7  1

Step 253
---------

 5  0  2

 4  3  6

 8  7  1

Step 254
---------

 5  2  0

 4  3  6

 8  7  1

Step 255
---------

 5  2  6

 4  3  0

 8  7  1

Step 256
---------

 5  2  6

 4  0  3

 8  7  1

Step 257
---------

 5  2  6

 0  4  3

 8  7  1

Step 258
---------

 0  2  6

 5  4  3

 8  7  1

Step 259
---------

 2  0  6

 5  4  3

 8  7  1

Step 260
---------

 2  6  0

 5  4  3

 8  7  1

Step 261
---------

 2  6  3

 5  4  0

 8  7  1

Step 262
---------

 2  6  3

 5  4  1

 8  7  0

Step 263
---------

 2  6  3

 5  4  1

 8  0  7

Step 264
---------

 2  6  3

 5  4  1

 0  8  7

Step 265
---------

 2  6  3

 0  4  1

 5  8  7

Step 266
---------

 2  6  3

 4  0  1

 5  8  7

Step 267
---------

 2  6  3

 4  1  0

 5  8  7

Step 268
---------

 2  6  0

 4  1  3

 5  8  7

Step 269
---------

 2  0  6

 4  1  3

 5  8  7

Step 270
---------

 2  1  6

 4  0  3

 5  8  7

Step 271
---------

 2  1  6

 4  3  0

 5  8  7

Step 272
---------

 2  1  0

 4  3  6

 5  8  7

Step 273
---------

 2  0  1

 4  3  6

 5  8  7

Step 274
---------

 0  2  1

 4  3  6

 5  8  7

Step 275
---------

 4  2  1

 0  3  6

 5  8  7

Step 276
---------

 4  2  1

 5  3  6

 0  8  7

Step 277
---------

 4  2  1

 5  3  6

 8  0  7

Step 278
---------

 4  2  1

 5  3  6

 8  7  0

Step 279
---------

 4  2  1

 5  3  0

 8  7  6

Step 280
---------

 4  2  1

 5  0  3

 8  7  6

Step 281
---------

 4  2  1

 0  5  3

 8  7  6

Step 282
---------

 0  2  1

 4  5  3

 8  7  6

Step 283
---------

 2  0  1

 4  5  3

 8  7  6

Step 284
---------

 2  1  0

 4  5  3

 8  7  6

Step 285
---------

 2  1  3

 4  5  0

 8  7  6

Step 286
---------

 2  1  3

 4  5  6

 8  7  0

Step 287
---------

 2  1  3

 4  5  6

 8  0  7

Step 288
---------

 2  1  3

 4  5  6

 0  8  7

Step 289
---------

 2  1  3

 0  5  6

 4  8  7

Step 290
---------

 2  1  3

 5  0  6

 4  8  7

Step 291
---------

 2  1  3

 5  6  0

 4  8  7

Step 292
---------

 2  1  0

 5  6  3

 4  8  7

Step 293
---------

 2  0  1

 5  6  3

 4  8  7

Step 294
---------

 0  2  1

 5  6  3

 4  8  7

Step 295
---------

 5  2  1

 0  6  3

 4  8  7

Step 296
---------

 5  2  1

 4  6  3

 0  8  7

Step 297
---------

 5  2  1

 4  6  3

 8  0  7

Step 298
---------

 5  2  1

 4  6  3

 8  7  0

Step 299
---------

 5  2  1

 4  6  0

 8  7  3

Step 300
---------

 5  2  1

 4  0  6

 8  7  3

Step 301
---------

 5  2  1

 0  4  6

 8  7  3

Step 302
---------

 0  2  1

 5  4  6

 8  7  3

Step 303
---------

 2  0  1

 5  4  6

 8  7  3

Step 304
---------

 2  1  0

 5  4  6

 8  7  3

Step 305
---------

 2  1  6

 5  4  0

 8  7  3

Step 306
---------

 2  1  6

 5  4  3

 8  7  0

Step 307
---------

 2  1  6

 5  4  3

 8  0  7

Step 308
---------

 2  1  6

 5  4  3

 0  8  7

Step 309
---------

 2  1  6

 0  4  3

 5  8  7

Step 310
---------

 2  1  6

 4  0  3

 5  8  7

Step 311
---------

 2  0  6

 4  1  3

 5  8  7

Step 312
---------

 0  2  6

 4  1  3

 5  8  7

Step 313
---------

 4  2  6

 0  1  3

 5  8  7

Step 314
---------

 4  2  6

 5  1  3

 0  8  7

Step 315
---------

 4  2  6

 5  1  3

 8  0  7

Step 316
---------

 4  2  6

 5  1  3

 8  7  0

Step 317
---------

 4  2  6

 5  1  0

 8  7  3

Step 318
---------

 4  2  0

 5  1  6

 8  7  3

Step 319
---------

 4  0  2

 5  1  6

 8  7  3

Step 320
---------

 4  1  2

 5  0  6

 8  7  3

Step 321
---------

 4  1  2

 0  5  6

 8  7  3

Step 322
---------

 0  1  2

 4  5  6

 8  7  3

Step 323
---------

 1  0  2

 4  5  6

 8  7  3

Step 324
---------

 1  2  0

 4  5  6

 8  7  3

Step 325
---------

 1  2  6

 4  5  0

 8  7  3

Step 326
---------

 1  2  6

 4  5  3

 8  7  0

Step 327
---------

 1  2  6

 4  5  3

 8  0  7

Step 328
---------

 1  2  6

 4  5  3

 0  8  7

Step 329
---------

 1  2  6

 0  5  3

 4  8  7

Step 330
---------

 1  2  6

 5  0  3

 4  8  7

Step 331
---------

 1  2  6

 5  3  0

 4  8  7

Step 332
---------

 1  2  0

 5  3  6

 4  8  7

Step 333
---------

 1  0  2

 5  3  6

 4  8  7

Step 334
---------

 1  3  2

 5  0  6

 4  8  7

Step 335
---------

 1  3  2

 0  5  6

 4  8  7

Step 336
---------

 1  3  2

 4  5  6

 0  8  7

Step 337
---------

 1  3  2

 4  5  6

 8  0  7

Step 338
---------

 1  3  2

 4  5  6

 8  7  0

Step 339
---------

 1  3  2

 4  5  0

 8  7  6

Step 340
---------

 1  3  2

 4  0  5

 8  7  6

Step 341
---------

 1  0  2

 4  3  5

 8  7  6

Step 342
---------

 1  2  0

 4  3  5

 8  7  6

Step 343
---------

 1  2  5

 4  3  0

 8  7  6

Step 344
---------

 1  2  5

 4  0  3

 8  7  6

Step 345
---------

 1  0  5

 4  2  3

 8  7  6

Step 346
---------

 1  5  0

 4  2  3

 8  7  6

Step 347
---------

 1  5  3

 4  2  0

 8  7  6

Step 348
---------

 1  5  3

 4  2  6

 8  7  0

Step 349
---------

 1  5  3

 4  2  6

 8  0  7

Step 350
---------

 1  5  3

 4  2  6

 0  8  7

Step 351
---------

 1  5  3

 0  2  6

 4  8  7

Step 352
---------

 1  5  3

 2  0  6

 4  8  7

Step 353
---------

 1  0  3

 2  5  6

 4  8  7

Step 354
---------

 1  3  0

 2  5  6

 4  8  7

Step 355
---------

 1  3  6

 2  5  0

 4  8  7

Step 356
---------

 1  3  6

 2  5  7

 4  8  0

Step 357
---------

 1  3  6

 2  5  7

 4  0  8

Step 358
---------

 1  3  6

 2  5  7

 0  4  8

Step 359
---------

 1  3  6

 0  5  7

 2  4  8

Step 360
---------

 1  3  6

 5  0  7

 2  4  8

Step 361
---------

 1  3  6

 5  7  0

 2  4  8

Step 362
---------

 1  3  0

 5  7  6

 2  4  8

Step 363
---------

 1  0  3

 5  7  6

 2  4  8

Step 364
---------

 0  1  3

 5  7  6

 2  4  8

Step 365
---------

 5  1  3

 0  7  6

 2  4  8

Step 366
---------

 5  1  3

 7  0  6

 2  4  8

Step 367
---------

 5  1  3

 7  4  6

 2  0  8

Step 368
---------

 5  1  3

 7  4  6

 2  8  0

Step 369
---------

 5  1  3

 7  4  0

 2  8  6

Step 370
---------

 5  1  3

 7  0  4

 2  8  6

Step 371
---------

 5  1  3

 0  7  4

 2  8  6

Step 372
---------

 5  1  3

 2  7  4

 0  8  6

Step 373
---------

 5  1  3

 2  7  4

 8  0  6

Step 374
---------

 5  1  3

 2  0  4

 8  7  6

Step 375
---------

 5  1  3

 2  4  0

 8  7  6

Step 376
---------

 5  1  3

 2  4  6

 8  7  0

Step 377
---------

 5  1  3

 2  4  6

 8  0  7

Step 378
---------

 5  1  3

 2  4  6

 0  8  7

Step 379
---------

 5  1  3

 0  4  6

 2  8  7

Step 380
---------

 5  1  3

 4  0  6

 2  8  7

Step 381
---------

 5  1  3

 4  8  6

 2  0  7

Step 382
---------

 5  1  3

 4  8  6

 2  7  0

Step 383
---------

 5  1  3

 4  8  0

 2  7  6

Step 384
---------

 5  1  3

 4  0  8

 2  7  6

Step 385
---------

 5  1  3

 4  7  8

 2  0  6

Step 386
---------

 5  1  3

 4  7  8

 0  2  6

Step 387
---------

 5  1  3

 0  7  8

 4  2  6

Step 388
---------

 5  1  3

 7  0  8

 4  2  6

Step 389
---------

 5  1  3

 7  8  0

 4  2  6

Step 390
---------

 5  1  3

 7  8  6

 4  2  0

Step 391
---------

 5  1  3

 7  8  6

 4  0  2

Step 392
---------

 5  1  3

 7  0  6

 4  8  2

Step 393
---------

 5  1  3

 7  6  0

 4  8  2

Step 394
---------

 5  1  3

 7  6  2

 4  8  0

Step 395
---------

 5  1  3

 7  6  2

 4  0  8

Step 396
---------

 5  1  3

 7  6  2

 0  4  8

Step 397
---------

 5  1  3

 0  6  2

 7  4  8

Step 398
---------

 0  1  3

 5  6  2

 7  4  8

Step 399
---------

 1  0  3

 5  6  2

 7  4  8

Step 400
---------

 1  6  3

 5  0  2

 7  4  8

Step 401
---------

 1  6  3

 5  2  0

 7  4  8

Step 402
---------

 1  6  0

 5  2  3

 7  4  8

Step 403
---------

 1  0  6

 5  2  3

 7  4  8

Step 404
---------

 1  2  6

 5  0  3

 7  4  8

Step 405
---------

 1  2  6

 5  4  3

 7  0  8

Step 406
---------

 1  2  6

 5  4  3

 7  8  0

Step 407
---------

 1  2  6

 5  4  0

 7  8  3

Step 408
---------

 1  2  0

 5  4  6

 7  8  3

Step 409
---------

 1  0  2

 5  4  6

 7  8  3

Step 410
---------

 0  1  2

 5  4  6

 7  8  3

Step 411
---------

 5  1  2

 0  4  6

 7  8  3

Step 412
---------

 5  1  2

 4  0  6

 7  8  3

Step 413
---------

 5  0  2

 4  1  6

 7  8  3

Step 414
---------

 5  2  0

 4  1  6

 7  8  3

Step 415
---------

 5  2  6

 4  1  0

 7  8  3

Step 416
---------

 5  2  6

 4  1  3

 7  8  0

Step 417
---------

 5  2  6

 4  1  3

 7  0  8

Step 418
---------

 5  2  6

 4  1  3

 0  7  8

Step 419
---------

 5  2  6

 0  1  3

 4  7  8

Step 420
---------

 5  2  6

 1  0  3

 4  7  8

Step 421
---------

 5  0  6

 1  2  3

 4  7  8

Step 422
---------

 0  5  6

 1  2  3

 4  7  8

Step 423
---------

 1  5  6

 0  2  3

 4  7  8

Step 424
---------

 1  5  6

 4  2  3

 0  7  8

Step 425
---------

 1  5  6

 4  2  3

 7  0  8

Step 426
---------

 1  5  6

 4  2  3

 7  8  0

Step 427
---------

 1  5  6

 4  2  0

 7  8  3

Step 428
---------

 1  5  0

 4  2  6

 7  8  3

Step 429
---------

 1  0  5

 4  2  6

 7  8  3

Step 430
---------

 1  2  5

 4  0  6

 7  8  3

Step 431
---------

 1  2  5

 4  6  0

 7  8  3

Step 432
---------

 1  2  5

 4  6  3

 7  8  0

Step 433
---------

 1  2  5

 4  6  3

 7  0  8

Step 434
---------

 1  2  5

 4  6  3

 0  7  8

Step 435
---------

 1  2  5

 0  6  3

 4  7  8

Step 436
---------

 1  2  5

 6  0  3

 4  7  8

Step 437
---------

 1  2  5

 6  7  3

 4  0  8

Step 438
---------

 1  2  5

 6  7  3

 4  8  0

Step 439
---------

 1  2  5

 6  7  0

 4  8  3

Step 440
---------

 1  2  0

 6  7  5

 4  8  3

Step 441
---------

 1  0  2

 6  7  5

 4  8  3

Step 442
---------

 1  7  2

 6  0  5

 4  8  3

Step 443
---------

 1  7  2

 6  5  0

 4  8  3

Step 444
---------

 1  7  2

 6  5  3

 4  8  0

Step 445
---------

 1  7  2

 6  5  3

 4  0  8

Step 446
---------

 1  7  2

 6  5  3

 0  4  8

Step 447
---------

 1  7  2

 0  5  3

 6  4  8

Step 448
---------

 1  7  2

 5  0  3

 6  4  8

Step 449
---------

 1  7  2

 5  4  3

 6  0  8

Step 450
---------

 1  7  2

 5  4  3

 6  8  0

Step 451
---------

 1  7  2

 5  4  0

 6  8  3

Step 452
---------

 1  7  2

 5  0  4

 6  8  3

Step 453
---------

 1  0  2

 5  7  4

 6  8  3

Step 454
---------

 1  2  0

 5  7  4

 6  8  3

Step 455
---------

 1  2  4

 5  7  0

 6  8  3

Step 456
---------

 1  2  4

 5  7  3

 6  8  0

Step 457
---------

 1  2  4

 5  7  3

 6  0  8

Step 458
---------

 1  2  4

 5  7  3

 0  6  8

Step 459
---------

 1  2  4

 0  7  3

 5  6  8

Step 460
---------

 1  2  4

 7  0  3

 5  6  8

Step 461
---------

 1  2  4

 7  6  3

 5  0  8

Step 462
---------

 1  2  4

 7  6  3

 5  8  0

Step 463
---------

 1  2  4

 7  6  0

 5  8  3

Step 464
---------

 1  2  4

 7  0  6

 5  8  3

Step 465
---------

 1  2  4

 0  7  6

 5  8  3

Step 466
---------

 1  2  4

 5  7  6

 0  8  3

Step 467
---------

 1  2  4

 5  7  6

 8  0  3

Step 468
---------

 1  2  4

 5  0  6

 8  7  3

Step 469
---------

 1  2  4

 0  5  6

 8  7  3

Step 470
---------

 1  2  4

 8  5  6

 0  7  3

Step 471
---------

 1  2  4

 8  5  6

 7  0  3

Step 472
---------

 1  2  4

 8  5  6

 7  3  0

Step 473
---------

 1  2  4

 8  5  0

 7  3  6

Step 474
---------

 1  2  0

 8  5  4

 7  3  6

Step 475
---------

 1  0  2

 8  5  4

 7  3  6

Step 476
---------

 1  5  2

 8  0  4

 7  3  6

Step 477
---------

 1  5  2

 8  3  4

 7  0  6

Step 478
---------

 1  5  2

 8  3  4

 7  6  0

Step 479
---------

 1  5  2

 8  3  0

 7  6  4

Step 480
---------

 1  5  2

 8  0  3

 7  6  4

Step 481
---------

 1  5  2

 0  8  3

 7  6  4

Step 482
---------

 1  5  2

 7  8  3

 0  6  4

Step 483
---------

 1  5  2

 7  8  3

 6  0  4

Step 484
---------

 1  5  2

 7  8  3

 6  4  0

Step 485
---------

 1  5  2

 7  8  0

 6  4  3

Step 486
---------

 1  5  2

 7  0  8

 6  4  3

Step 487
---------

 1  5  2

 7  4  8

 6  0  3

Step 488
---------

 1  5  2

 7  4  8

 0  6  3

Step 489
---------

 1  5  2

 0  4  8

 7  6  3

Step 490
---------

 1  5  2

 4  0  8

 7  6  3

Step 491
---------

 1  5  2

 4  6  8

 7  0  3

Step 492
---------

 1  5  2

 4  6  8

 7  3  0

Step 493
---------

 1  5  2

 4  6  0

 7  3  8

Step 494
---------

 1  5  2

 4  0  6

 7  3  8

Step 495
---------

 1  5  2

 4  3  6

 7  0  8

Step 496
---------

 1  5  2

 4  3  6

 7  8  0

Step 497
---------

 1  5  2

 4  3  0

 7  8  6

Step 498
---------

 1  5  2

 4  0  3

 7  8  6

Step 499
---------

 1  0  2

 4  5  3

 7  8  6

Step 500
---------

 1  2  0

 4  5  3

 7  8  6

Step 501
---------

 1  2  3

 4  5  0

 7  8  6

Step 502
---------

 1  2  3

 4  5  6

 7  8  0

solve puzzle 10 in 502 steps!!!
Cycle counter ......... 896573
Instruction counter ... 208331
CPI: 4.30
Status:DONE

------------------------------------------------------------
EBREAK instruction at 0x000004A4
pc  000004A7    x8  00000000    x16 00000000    x24 00000003
x1  00000474    x9  00000000    x17 00000000    x25 00000001
x2  00C00000    x10 20000000    x18 00000002    x26 00009002
x3  DEADBEEF    x11 20001CBC    x19 00000160    x27 00009002
x4  DEADBEEF    x12 0000004F    x20 00000000    x28 00000000
x5  00001958    x13 0000004E    x21 00000015    x29 00000000
x6  00000008    x14 00000045    x22 000004A4    x30 00000000
x7  00000000    x15 000001E0    x23 000004A4    x31 000000C4
------------------------------------------------------------
Number of fast external IRQs counted: 0
Number of slow external IRQs counted: 0
Number of timer IRQs counted: 0
TRAP after 969517 clock cycles
ALL TESTS PASSED.
Simulation complete via $finish(1) at time 9696270 NS + 1
./testbench_pcpi.v:298 				$finish;
ncsim> exit
TOOL:	ncverilog	14.10-s005: Exiting on Jan 09, 2018 at 15:25:27 CST  (total: 00:00:04)
